[2025-05-30 09:05:48] [INFO] === macOS Security Setup Script Started ===
[2025-05-30 09:05:48] [INFO] Checking dependencies...
[2025-05-30 09:05:48] [INFO] Git is already installed.
[2025-05-30 09:05:48] [INFO] Python is already installed.
[2025-05-30 09:05:48] [INFO] Python version: Python 2.7.18
[2025-05-30 09:05:48] [SUCCESS] All dependencies are satisfied.
[2025-05-30 09:05:48] [INFO] Cleaning up existing directories...
[2025-05-30 09:05:48] [WARNING] Removing existing wiki directory: macos_security.wiki
[2025-05-30 09:05:48] [INFO] Wiki directory removed successfully.
[2025-05-30 09:05:48] [SUCCESS] Directory cleanup completed.
[2025-05-30 09:05:48] [INFO] Cloning repositories...
[2025-05-30 09:05:48] [INFO] Cloning main repository (branch: Sequoia)...
[2025-05-30 09:05:49] [ERROR] Failed to clone main repository: Git clone failed with exit code 128
[2025-05-30 09:05:49] [ERROR] === Script execution failed: Failed to clone main repository: Git clone failed with exit code 128 ===
[2025-05-30 09:06:09] [INFO] === macOS Security Setup Script Started ===
[2025-05-30 09:06:09] [INFO] Checking dependencies...
[2025-05-30 09:06:09] [INFO] Git is already installed.
[2025-05-30 09:06:09] [INFO] Python is already installed.
[2025-05-30 09:06:09] [INFO] Python version: Python 2.7.18
[2025-05-30 09:06:09] [SUCCESS] All dependencies are satisfied.
[2025-05-30 09:06:09] [INFO] Cleaning up existing directories...
[2025-05-30 09:06:09] [SUCCESS] Directory cleanup completed.
[2025-05-30 09:06:09] [INFO] Cloning repositories...
[2025-05-30 09:06:09] [INFO] Cloning main repository (branch: sequoia)...
[2025-05-30 09:06:11] [SUCCESS] Main repository cloned successfully.
[2025-05-30 09:06:11] [INFO] Cloning wiki repository...
[2025-05-30 09:06:12] [SUCCESS] Wiki repository cloned successfully.
[2025-05-30 09:06:12] [SUCCESS] All repositories cloned successfully.
[2025-05-30 09:06:12] [INFO] Generating security files...
[2025-05-30 09:06:13] [INFO] Returned to original directory.
[2025-05-30 09:06:13] [SUCCESS] === macOS Security Setup Script Completed Successfully ===
[2025-05-30 09:06:13] [SUCCESS] Generated files are located in the 'macos_security-sequoia/output' directory.
[2025-05-30 09:06:57] [INFO] === macOS Security Setup Script Started ===
[2025-05-30 09:06:57] [INFO] Checking dependencies...
[2025-05-30 09:06:57] [INFO] Git is already installed.
[2025-05-30 09:06:58] [INFO] Python 3 found: Python 3.12.4 using command: py -3
[2025-05-30 09:06:58] [INFO] Python 3 is already installed: Python 3.12.4
[2025-05-30 09:06:58] [SUCCESS] All dependencies are satisfied.
[2025-05-30 09:06:58] [INFO] Cleaning up existing directories...
[2025-05-30 09:06:58] [WARNING] Removing existing repository directory: macos_security-sequoia
[2025-05-30 09:06:58] [INFO] Repository directory removed successfully.
[2025-05-30 09:06:58] [WARNING] Removing existing wiki directory: macos_security.wiki
[2025-05-30 09:06:58] [INFO] Wiki directory removed successfully.
[2025-05-30 09:06:58] [SUCCESS] Directory cleanup completed.
[2025-05-30 09:06:58] [INFO] Cloning repositories...
[2025-05-30 09:06:58] [INFO] Cloning main repository (branch: sequoia)...
[2025-05-30 09:07:01] [SUCCESS] Main repository cloned successfully.
[2025-05-30 09:07:01] [INFO] Cloning wiki repository...
[2025-05-30 09:07:01] [SUCCESS] Wiki repository cloned successfully.
[2025-05-30 09:07:01] [SUCCESS] All repositories cloned successfully.
[2025-05-30 09:07:01] [INFO] Generating security files...
[2025-05-30 09:07:02] [INFO] Returned to original directory.
[2025-05-30 09:07:02] [SUCCESS] === macOS Security Setup Script Completed Successfully ===
[2025-05-30 09:07:02] [SUCCESS] Generated files are located in the 'macos_security-sequoia/output' directory.
[2025-05-30 09:07:27] [INFO] === macOS Security Setup Script Started ===
[2025-05-30 09:07:27] [INFO] Checking dependencies...
[2025-05-30 09:07:27] [INFO] Git is already installed.
[2025-05-30 09:07:28] [INFO] Python 3 found: Python 3.12.4 using command: py -3
[2025-05-30 09:07:28] [INFO] Python 3 is already installed: Python 3.12.4
[2025-05-30 09:07:28] [SUCCESS] All dependencies are satisfied.
[2025-05-30 09:07:28] [INFO] Cleaning up existing directories...
[2025-05-30 09:07:28] [WARNING] Removing existing repository directory: macos_security-sequoia
[2025-05-30 09:07:28] [INFO] Repository directory removed successfully.
[2025-05-30 09:07:28] [WARNING] Removing existing wiki directory: macos_security.wiki
[2025-05-30 09:07:28] [INFO] Wiki directory removed successfully.
[2025-05-30 09:07:28] [SUCCESS] Directory cleanup completed.
[2025-05-30 09:07:28] [INFO] Cloning repositories...
[2025-05-30 09:07:28] [INFO] Cloning main repository (branch: sequoia)...
[2025-05-30 09:07:31] [SUCCESS] Main repository cloned successfully.
[2025-05-30 09:07:31] [INFO] Cloning wiki repository...
[2025-05-30 09:07:31] [SUCCESS] Wiki repository cloned successfully.
[2025-05-30 09:07:31] [SUCCESS] All repositories cloned successfully.
[2025-05-30 09:07:31] [INFO] Generating security files...
[2025-05-30 09:07:32] [INFO] Returned to original directory.
[2025-05-30 09:07:32] [SUCCESS] === macOS Security Setup Script Completed Successfully ===
[2025-05-30 09:07:32] [SUCCESS] Generated files are located in the 'macos_security-sequoia/output' directory.
[2025-05-30 09:08:03] [INFO] === macOS Security Setup Script Started ===
[2025-05-30 09:08:04] [INFO] Checking dependencies...
[2025-05-30 09:08:04] [INFO] Git is already installed.
[2025-05-30 09:08:04] [INFO] Python 3 found: Python 3.12.4 using command: py -3
[2025-05-30 09:08:04] [INFO] Python 3 is already installed: Python 3.12.4
[2025-05-30 09:08:04] [SUCCESS] All dependencies are satisfied.
[2025-05-30 09:08:04] [INFO] Cleaning up existing directories...
[2025-05-30 09:08:04] [WARNING] Removing existing repository directory: macos_security-sequoia
[2025-05-30 09:08:04] [INFO] Repository directory removed successfully.
[2025-05-30 09:08:04] [WARNING] Removing existing wiki directory: macos_security.wiki
[2025-05-30 09:08:04] [INFO] Wiki directory removed successfully.
[2025-05-30 09:08:04] [SUCCESS] Directory cleanup completed.
[2025-05-30 09:08:04] [INFO] Cloning repositories...
[2025-05-30 09:08:04] [INFO] Cloning main repository (branch: sequoia)...
[2025-05-30 09:08:05] [SUCCESS] Main repository cloned successfully.
[2025-05-30 09:08:05] [INFO] Cloning wiki repository...
[2025-05-30 09:08:06] [SUCCESS] Wiki repository cloned successfully.
[2025-05-30 09:08:06] [SUCCESS] All repositories cloned successfully.
[2025-05-30 09:08:06] [INFO] Installing required Python packages...
[2025-05-30 09:08:10] [INFO] Generating security files...
[2025-05-30 09:08:11] [INFO] Returned to original directory.
[2025-05-30 09:08:11] [SUCCESS] === macOS Security Setup Script Completed Successfully ===
[2025-05-30 09:08:11] [SUCCESS] Generated files are located in the 'macos_security-sequoia/output' directory.
[2025-05-30 09:09:27] [INFO] === macOS Security Setup Script Started ===
[2025-05-30 09:09:27] [INFO] Checking dependencies...
[2025-05-30 09:09:27] [INFO] Git is already installed.
[2025-05-30 09:09:27] [INFO] Python 3 found: Python 3.12.4 using command: py -3
[2025-05-30 09:09:27] [INFO] Python 3 is already installed: Python 3.12.4
[2025-05-30 09:09:27] [SUCCESS] All dependencies are satisfied.
[2025-05-30 09:09:27] [INFO] Cleaning up existing directories...
[2025-05-30 09:09:27] [WARNING] Removing existing repository directory: macos_security-sequoia
[2025-05-30 09:09:27] [INFO] Repository directory removed successfully.
[2025-05-30 09:09:27] [WARNING] Removing existing wiki directory: macos_security.wiki
[2025-05-30 09:09:27] [INFO] Wiki directory removed successfully.
[2025-05-30 09:09:27] [SUCCESS] Directory cleanup completed.
[2025-05-30 09:09:27] [INFO] Cloning repositories...
[2025-05-30 09:09:27] [INFO] Cloning main repository (branch: sequoia)...
[2025-05-30 09:09:28] [SUCCESS] Main repository cloned successfully.
[2025-05-30 09:09:28] [INFO] Cloning wiki repository...
[2025-05-30 09:09:29] [SUCCESS] Wiki repository cloned successfully.
[2025-05-30 09:09:29] [SUCCESS] All repositories cloned successfully.
[2025-05-30 09:09:29] [INFO] Installing required Python packages...
[2025-05-30 09:09:31] [INFO] Generating security files...
[2025-05-30 09:09:34] [INFO] Returned to original directory.
[2025-05-30 09:09:34] [SUCCESS] === macOS Security Setup Script Completed Successfully ===
[2025-05-30 09:09:34] [SUCCESS] Generated files are located in the 'macos_security-sequoia/output' directory.
[2025-05-30 09:10:26] [INFO] === macOS Security Setup Script Started ===
[2025-05-30 09:10:26] [INFO] Checking dependencies...
[2025-05-30 09:10:26] [INFO] Git is already installed.
[2025-05-30 09:10:26] [INFO] Python 3 found: Python 3.12.4 using command: py -3
[2025-05-30 09:10:26] [INFO] Python 3 is already installed: Python 3.12.4
[2025-05-30 09:10:26] [SUCCESS] All dependencies are satisfied.
[2025-05-30 09:10:26] [INFO] Cleaning up existing directories...
[2025-05-30 09:10:26] [WARNING] Removing existing repository directory: macos_security-sequoia
[2025-05-30 09:10:26] [INFO] Repository directory removed successfully.
[2025-05-30 09:10:26] [WARNING] Removing existing wiki directory: macos_security.wiki
[2025-05-30 09:10:26] [INFO] Wiki directory removed successfully.
[2025-05-30 09:10:26] [SUCCESS] Directory cleanup completed.
[2025-05-30 09:10:26] [INFO] Cloning repositories...
[2025-05-30 09:10:26] [INFO] Cloning main repository (branch: sequoia)...
[2025-05-30 09:10:27] [SUCCESS] Main repository cloned successfully.
[2025-05-30 09:10:27] [INFO] Cloning wiki repository...
[2025-05-30 09:10:28] [SUCCESS] Wiki repository cloned successfully.
[2025-05-30 09:10:28] [SUCCESS] All repositories cloned successfully.
[2025-05-30 09:10:28] [INFO] Installing required Python packages...
[2025-05-30 09:10:30] [INFO] Generating security files...
[2025-05-30 09:10:31] [INFO] Returned to original directory.
[2025-05-30 09:10:31] [SUCCESS] === macOS Security Setup Script Completed Successfully ===
[2025-05-30 09:10:31] [SUCCESS] Generated files are located in the 'macos_security-sequoia/output' directory.
[2025-05-30 09:11:07] [INFO] === macOS Security Setup Script Started ===
[2025-05-30 09:11:07] [INFO] Checking dependencies...
[2025-05-30 09:11:07] [INFO] Git is already installed.
[2025-05-30 09:11:07] [INFO] Python 3 found: Python 3.12.4 using command: py -3
[2025-05-30 09:11:07] [INFO] Python 3 is already installed: Python 3.12.4
[2025-05-30 09:11:07] [SUCCESS] All dependencies are satisfied.
[2025-05-30 09:11:07] [INFO] Cleaning up existing directories...
[2025-05-30 09:11:07] [WARNING] Removing existing repository directory: macos_security-sequoia
[2025-05-30 09:11:07] [INFO] Repository directory removed successfully.
[2025-05-30 09:11:07] [WARNING] Removing existing wiki directory: macos_security.wiki
[2025-05-30 09:11:07] [INFO] Wiki directory removed successfully.
[2025-05-30 09:11:07] [SUCCESS] Directory cleanup completed.
[2025-05-30 09:11:07] [INFO] Cloning repositories...
[2025-05-30 09:11:07] [INFO] Cloning main repository (branch: sequoia)...
[2025-05-30 09:11:09] [SUCCESS] Main repository cloned successfully.
[2025-05-30 09:11:09] [INFO] Cloning wiki repository...
[2025-05-30 09:11:10] [SUCCESS] Wiki repository cloned successfully.
[2025-05-30 09:11:10] [SUCCESS] All repositories cloned successfully.
[2025-05-30 09:11:10] [INFO] Installing required Python packages...
[2025-05-30 09:11:11] [INFO] Generating security files...
[2025-05-30 09:11:11] [INFO] Returned to original directory.
[2025-05-30 09:11:11] [SUCCESS] === macOS Security Setup Script Completed Successfully ===
[2025-05-30 09:11:11] [SUCCESS] Generated files are located in the 'macos_security-sequoia/output' directory.
[2025-05-30 09:11:29] [INFO] === macOS Security Setup Script Started ===
[2025-05-30 09:11:29] [INFO] Checking dependencies...
[2025-05-30 09:11:29] [INFO] Git is already installed.
[2025-05-30 09:11:30] [INFO] Python 3 found: Python 3.12.4 using command: py -3
[2025-05-30 09:11:30] [INFO] Python 3 is already installed: Python 3.12.4
[2025-05-30 09:11:30] [SUCCESS] All dependencies are satisfied.
[2025-05-30 09:11:30] [INFO] Cleaning up existing directories...
[2025-05-30 09:11:30] [WARNING] Removing existing repository directory: macos_security-sequoia
[2025-05-30 09:11:30] [INFO] Repository directory removed successfully.
[2025-05-30 09:11:30] [WARNING] Removing existing wiki directory: macos_security.wiki
[2025-05-30 09:11:30] [INFO] Wiki directory removed successfully.
[2025-05-30 09:11:30] [SUCCESS] Directory cleanup completed.
[2025-05-30 09:11:30] [INFO] Cloning repositories...
[2025-05-30 09:11:30] [INFO] Cloning main repository (branch: sequoia)...
[2025-05-30 09:11:32] [SUCCESS] Main repository cloned successfully.
[2025-05-30 09:11:32] [INFO] Cloning wiki repository...
[2025-05-30 09:11:33] [SUCCESS] Wiki repository cloned successfully.
[2025-05-30 09:11:33] [SUCCESS] All repositories cloned successfully.
[2025-05-30 09:11:33] [INFO] Installing required Python packages...
[2025-05-30 09:11:34] [INFO] Generating security files...
[2025-05-30 09:11:36] [INFO] Returned to original directory.
[2025-05-30 09:11:36] [SUCCESS] === macOS Security Setup Script Completed Successfully ===
[2025-05-30 09:11:36] [SUCCESS] Generated files are located in the 'macos_security-sequoia/output' directory.
[2025-05-30 09:12:10] [INFO] === macOS Security Setup Script Started ===
[2025-05-30 09:12:10] [INFO] Checking dependencies...
[2025-05-30 09:12:10] [INFO] Git is already installed.
[2025-05-30 09:12:10] [INFO] Python 3 found: Python 3.12.4 using command: py -3
[2025-05-30 09:12:10] [INFO] Python 3 is already installed: Python 3.12.4
[2025-05-30 09:12:10] [SUCCESS] All dependencies are satisfied.
[2025-05-30 09:12:10] [INFO] Cleaning up existing directories...
[2025-05-30 09:12:10] [WARNING] Removing existing repository directory: macos_security-sequoia
[2025-05-30 09:12:11] [INFO] Repository directory removed successfully.
[2025-05-30 09:12:11] [WARNING] Removing existing wiki directory: macos_security.wiki
[2025-05-30 09:12:11] [INFO] Wiki directory removed successfully.
[2025-05-30 09:12:11] [SUCCESS] Directory cleanup completed.
[2025-05-30 09:12:11] [INFO] Cloning repositories...
[2025-05-30 09:12:11] [INFO] Cloning main repository (branch: sequoia)...
[2025-05-30 09:12:12] [SUCCESS] Main repository cloned successfully.
[2025-05-30 09:12:12] [INFO] Cloning wiki repository...
[2025-05-30 09:12:13] [SUCCESS] Wiki repository cloned successfully.
[2025-05-30 09:12:13] [SUCCESS] All repositories cloned successfully.
[2025-05-30 09:12:13] [INFO] Installing required Python packages...
[2025-05-30 09:12:14] [INFO] Generating security files...
[2025-05-30 09:12:16] [INFO] Returned to original directory.
[2025-05-30 09:12:16] [SUCCESS] === macOS Security Setup Script Completed Successfully ===
[2025-05-30 09:12:16] [SUCCESS] Generated files are located in the 'macos_security-sequoia/output' directory.
[2025-05-30 09:13:05] [INFO] === macOS Security Setup Script Started ===
[2025-05-30 09:13:05] [INFO] Checking dependencies...
[2025-05-30 09:13:05] [INFO] Git is already installed.
[2025-05-30 09:13:06] [INFO] Python 3 found: Python 3.12.4 using command: py -3
[2025-05-30 09:13:06] [INFO] Python 3 is already installed: Python 3.12.4
[2025-05-30 09:13:06] [SUCCESS] All dependencies are satisfied.
[2025-05-30 09:13:06] [INFO] Cleaning up existing directories...
[2025-05-30 09:13:06] [WARNING] Removing existing repository directory: macos_security-sequoia
[2025-05-30 09:13:06] [INFO] Repository directory removed successfully.
[2025-05-30 09:13:06] [WARNING] Removing existing wiki directory: macos_security.wiki
[2025-05-30 09:13:06] [INFO] Wiki directory removed successfully.
[2025-05-30 09:13:06] [SUCCESS] Directory cleanup completed.
[2025-05-30 09:13:06] [INFO] Cloning repositories...
[2025-05-30 09:13:06] [INFO] Cloning main repository (branch: sequoia)...
[2025-05-30 09:13:07] [SUCCESS] Main repository cloned successfully.
[2025-05-30 09:13:07] [INFO] Cloning wiki repository...
[2025-05-30 09:13:08] [SUCCESS] Wiki repository cloned successfully.
[2025-05-30 09:13:08] [SUCCESS] All repositories cloned successfully.
[2025-05-30 09:13:08] [INFO] Installing required Python packages...
[2025-05-30 09:13:09] [INFO] Generating security files...
[2025-05-30 09:13:17] [INFO] Returned to original directory.
[2025-05-30 09:13:17] [SUCCESS] === macOS Security Setup Script Completed Successfully ===
[2025-05-30 09:13:17] [SUCCESS] Generated files are located in the 'macos_security-sequoia/output' directory.
[2025-05-30 09:14:02] [INFO] === macOS Security Setup Script Started ===
[2025-05-30 09:14:02] [INFO] Checking dependencies...
[2025-05-30 09:14:02] [INFO] Git is already installed.
[2025-05-30 09:14:02] [INFO] Python 3 found: Python 3.12.4 using command: py -3
[2025-05-30 09:14:02] [INFO] Python 3 is already installed: Python 3.12.4
[2025-05-30 09:14:02] [SUCCESS] All dependencies are satisfied.
[2025-05-30 09:14:02] [INFO] Cleaning up existing directories...
[2025-05-30 09:14:02] [WARNING] Removing existing repository directory: macos_security-sequoia
[2025-05-30 09:14:02] [INFO] Repository directory removed successfully.
[2025-05-30 09:14:02] [WARNING] Removing existing wiki directory: macos_security.wiki
[2025-05-30 09:14:02] [INFO] Wiki directory removed successfully.
[2025-05-30 09:14:02] [SUCCESS] Directory cleanup completed.
[2025-05-30 09:14:02] [INFO] Cloning repositories...
[2025-05-30 09:14:02] [INFO] Cloning main repository (branch: sequoia)...
[2025-05-30 09:14:04] [SUCCESS] Main repository cloned successfully.
[2025-05-30 09:14:04] [INFO] Cloning wiki repository...
[2025-05-30 09:14:05] [SUCCESS] Wiki repository cloned successfully.
[2025-05-30 09:14:05] [SUCCESS] All repositories cloned successfully.
[2025-05-30 09:14:05] [INFO] Installing required Python packages...
[2025-05-30 09:14:06] [INFO] Generating security files...
[2025-05-30 09:14:13] [INFO] Returned to original directory.
[2025-05-30 09:14:13] [SUCCESS] === macOS Security Setup Script Completed Successfully ===
[2025-05-30 09:14:13] [SUCCESS] Generated files are located in the 'macos_security-sequoia/output' directory.
[2025-05-30 09:14:54] [INFO] === macOS Security Setup Script Started ===
[2025-05-30 09:14:54] [INFO] Checking dependencies...
[2025-05-30 09:14:54] [INFO] Git is already installed.
[2025-05-30 09:14:54] [INFO] Python 3 found: Python 3.12.4 using command: py -3
[2025-05-30 09:14:54] [INFO] Python 3 is already installed: Python 3.12.4
[2025-05-30 09:14:54] [SUCCESS] All dependencies are satisfied.
[2025-05-30 09:14:54] [INFO] Cleaning up existing directories...
[2025-05-30 09:14:54] [WARNING] Removing existing repository directory: macos_security-sequoia
[2025-05-30 09:14:54] [INFO] Repository directory removed successfully.
[2025-05-30 09:14:54] [WARNING] Removing existing wiki directory: macos_security.wiki
[2025-05-30 09:14:54] [INFO] Wiki directory removed successfully.
[2025-05-30 09:14:54] [SUCCESS] Directory cleanup completed.
[2025-05-30 09:14:54] [INFO] Cloning repositories...
[2025-05-30 09:14:54] [INFO] Cloning main repository (branch: sequoia)...
[2025-05-30 09:14:56] [SUCCESS] Main repository cloned successfully.
[2025-05-30 09:14:56] [INFO] Cloning wiki repository...
[2025-05-30 09:14:56] [SUCCESS] Wiki repository cloned successfully.
[2025-05-30 09:14:56] [SUCCESS] All repositories cloned successfully.
[2025-05-30 09:14:56] [INFO] Installing required Python packages...
[2025-05-30 09:14:58] [INFO] Generating security files...
[2025-05-30 09:15:05] [INFO] Returned to original directory.
[2025-05-30 09:15:05] [SUCCESS] === macOS Security Setup Script Completed Successfully ===
[2025-05-30 09:15:05] [SUCCESS] Generated files are located in the 'macos_security-sequoia/output' directory.
[2025-05-30 09:15:24] [INFO] === macOS Security Setup Script Started ===
[2025-05-30 09:15:24] [INFO] Checking dependencies...
[2025-05-30 09:15:24] [INFO] Git is already installed.
[2025-05-30 09:15:24] [INFO] Python 3 found: Python 3.12.4 using command: py -3
[2025-05-30 09:15:24] [INFO] Python 3 is already installed: Python 3.12.4
[2025-05-30 09:15:24] [SUCCESS] All dependencies are satisfied.
[2025-05-30 09:15:24] [INFO] Cleaning up existing directories...
[2025-05-30 09:15:24] [WARNING] Removing existing repository directory: macos_security-sequoia
[2025-05-30 09:15:24] [INFO] Repository directory removed successfully.
[2025-05-30 09:15:24] [WARNING] Removing existing wiki directory: macos_security.wiki
[2025-05-30 09:15:24] [INFO] Wiki directory removed successfully.
[2025-05-30 09:15:24] [SUCCESS] Directory cleanup completed.
[2025-05-30 09:15:24] [INFO] Cloning repositories...
[2025-05-30 09:15:24] [INFO] Cloning main repository (branch: sequoia)...
[2025-05-30 09:15:27] [SUCCESS] Main repository cloned successfully.
[2025-05-30 09:15:27] [INFO] Cloning wiki repository...
[2025-05-30 09:15:28] [SUCCESS] Wiki repository cloned successfully.
[2025-05-30 09:15:28] [SUCCESS] All repositories cloned successfully.
[2025-05-30 09:15:28] [INFO] Installing required Python packages...
[2025-05-30 09:15:29] [INFO] Generating security files...
[2025-05-30 09:15:30] [INFO] Returned to original directory.
[2025-05-30 09:15:30] [SUCCESS] === macOS Security Setup Script Completed Successfully ===
[2025-05-30 09:15:30] [SUCCESS] Generated files are located in the 'macos_security-sequoia/output' directory.
[2025-05-30 09:16:20] [INFO] === macOS Security Setup Script Started ===
[2025-05-30 09:16:20] [INFO] Checking dependencies...
[2025-05-30 09:16:20] [INFO] Git is already installed.
[2025-05-30 09:16:20] [INFO] Python 3 found: Python 3.12.4 using command: py -3
[2025-05-30 09:16:20] [INFO] Python 3 is already installed: Python 3.12.4
[2025-05-30 09:16:20] [SUCCESS] All dependencies are satisfied.
[2025-05-30 09:16:20] [INFO] Cleaning up existing directories...
[2025-05-30 09:16:20] [WARNING] Removing existing repository directory: macos_security-sequoia
[2025-05-30 09:16:20] [INFO] Repository directory removed successfully.
[2025-05-30 09:16:20] [WARNING] Removing existing wiki directory: macos_security.wiki
[2025-05-30 09:16:21] [INFO] Wiki directory removed successfully.
[2025-05-30 09:16:21] [SUCCESS] Directory cleanup completed.
[2025-05-30 09:16:21] [INFO] Cloning repositories...
[2025-05-30 09:16:21] [INFO] Cloning main repository (branch: sequoia)...
[2025-05-30 09:16:23] [SUCCESS] Main repository cloned successfully.
[2025-05-30 09:16:23] [INFO] Cloning wiki repository...
[2025-05-30 09:16:23] [SUCCESS] Wiki repository cloned successfully.
[2025-05-30 09:16:23] [SUCCESS] All repositories cloned successfully.
[2025-05-30 09:16:23] [INFO] Installing required Python packages...
[2025-05-30 09:16:25] [INFO] Generating security files...
[2025-05-30 09:16:32] [INFO] Returned to original directory.
[2025-05-30 09:16:32] [SUCCESS] === macOS Security Setup Script Completed Successfully ===
[2025-05-30 09:16:32] [SUCCESS] Generated files are located in the 'macos_security-sequoia/output' directory.
[2025-05-30 09:17:44] [INFO] === macOS Security Setup Script Started ===
[2025-05-30 09:17:44] [INFO] Checking dependencies...
[2025-05-30 09:17:44] [INFO] Git is already installed.
[2025-05-30 09:17:44] [INFO] Python 3 found: Python 3.12.4 using command: py -3
[2025-05-30 09:17:44] [INFO] Python 3 is already installed: Python 3.12.4
[2025-05-30 09:17:44] [SUCCESS] All dependencies are satisfied.
[2025-05-30 09:17:44] [INFO] Cleaning up existing directories...
[2025-05-30 09:17:44] [WARNING] Removing existing repository directory: macos_security-sequoia
[2025-05-30 09:17:44] [INFO] Repository directory removed successfully.
[2025-05-30 09:17:44] [WARNING] Removing existing wiki directory: macos_security.wiki
[2025-05-30 09:17:44] [INFO] Wiki directory removed successfully.
[2025-05-30 09:17:44] [SUCCESS] Directory cleanup completed.
[2025-05-30 09:17:44] [INFO] Cloning repositories...
[2025-05-30 09:17:44] [INFO] Cloning main repository (branch: sequoia)...
[2025-05-30 09:17:45] [SUCCESS] Main repository cloned successfully.
[2025-05-30 09:17:45] [INFO] Cloning wiki repository...
[2025-05-30 09:17:46] [SUCCESS] Wiki repository cloned successfully.
[2025-05-30 09:17:46] [SUCCESS] All repositories cloned successfully.
[2025-05-30 09:17:46] [INFO] Installing required Python packages...
[2025-05-30 09:17:48] [INFO] Generating security files...
[2025-05-30 09:17:55] [INFO] Returned to original directory.
[2025-05-30 09:17:55] [SUCCESS] === macOS Security Setup Script Completed Successfully ===
[2025-05-30 09:17:55] [SUCCESS] Generated files are located in the 'macos_security-sequoia/output' directory.
[2025-05-30 09:18:26] [INFO] === macOS Security Setup Script Started ===
[2025-05-30 09:18:26] [INFO] Checking dependencies...
[2025-05-30 09:18:26] [INFO] Git is already installed.
[2025-05-30 09:18:26] [INFO] Python 3 found: Python 3.12.4 using command: py -3
[2025-05-30 09:18:26] [INFO] Python 3 is already installed: Python 3.12.4
[2025-05-30 09:18:26] [SUCCESS] All dependencies are satisfied.
[2025-05-30 09:18:26] [INFO] Cleaning up existing directories...
[2025-05-30 09:18:26] [WARNING] Removing existing repository directory: macos_security-sequoia
[2025-05-30 09:18:26] [INFO] Repository directory removed successfully.
[2025-05-30 09:18:26] [WARNING] Removing existing wiki directory: macos_security.wiki
[2025-05-30 09:18:26] [INFO] Wiki directory removed successfully.
[2025-05-30 09:18:26] [SUCCESS] Directory cleanup completed.
[2025-05-30 09:18:26] [INFO] Cloning repositories...
[2025-05-30 09:18:26] [INFO] Cloning main repository (branch: sequoia)...
[2025-05-30 09:18:28] [SUCCESS] Main repository cloned successfully.
[2025-05-30 09:18:28] [INFO] Cloning wiki repository...
[2025-05-30 09:18:29] [SUCCESS] Wiki repository cloned successfully.
[2025-05-30 09:18:29] [SUCCESS] All repositories cloned successfully.
[2025-05-30 09:18:29] [INFO] Installing required Python packages...
[2025-05-30 09:18:30] [INFO] Generating security files...
[2025-05-30 09:18:37] [INFO] Returned to original directory.
[2025-05-30 09:18:37] [SUCCESS] === macOS Security Setup Script Completed Successfully ===
[2025-05-30 09:18:37] [SUCCESS] Generated files are located in the 'macos_security-sequoia/build' directory.
